2024-04-02 15:57:42,762 DEBUG c:\Users\Lenovo\Desktop\Nanotrack\picodet\utils\detection_download.py[451]: File C:\Users\Lenovo/.cache/paddle/weights\picodet_s_320_coco_lcnet.pdparams md5 checking...
2024-04-02 15:57:42,775 DEBUG c:\Users\Lenovo\Desktop\Nanotrack\picodet\utils\detection_download.py[285]: Found C:\Users\Lenovo/.cache/paddle/weights\picodet_s_320_coco_lcnet.pdparams
2024-04-02 15:57:42,780 INFO c:\Users\Lenovo\Desktop\Nanotrack\picodet\process\transform\convert_paddle_detection_to_torch.py[626]: 开始参数转换：model_name: weights\picodet_s_320_coco_lcnet - model_class: weights\picodet
2024-04-02 15:57:42,794 INFO c:\Users\Lenovo\Desktop\Nanotrack\picodet\process\transform\convert_paddle_detection_to_torch.py[120]: prefix_all: weights\picodet_s_320_coco_lcnet -> 
2024-04-02 15:57:42,795 INFO c:\Users\Lenovo\Desktop\Nanotrack\picodet\process\transform\convert_paddle_detection_to_torch.py[120]: prefix: weights\picodet_s_320_coco_lcnet -> 
2024-04-02 15:57:42,795 INFO c:\Users\Lenovo\Desktop\Nanotrack\picodet\process\transform\convert_paddle_detection_to_torch.py[120]: prefix_to_save: weights\picodet_s_320_coco_lcnet -> 
2024-04-02 15:57:42,796 INFO c:\Users\Lenovo\Desktop\Nanotrack\picodet\process\transform\convert_paddle_detection_to_torch.py[673]: 转换paddle模型为pytorch: C:\Users\Lenovo/.cache/paddle/weights\picodet_s_320_coco_lcnet.pdparams - C:\Users\Lenovo/.cache/paddle/weights/weights\picodet_s_320_coco_lcnet.pth - 447 -> 447
2024-04-02 15:57:42,836 INFO c:\Users\Lenovo\Desktop\Nanotrack\picodet\utils\detection_checkpoint_utils.py[243]: 模型参数路径：C:\Users\Lenovo/.cache/paddle/weights/weights\picodet_s_320_coco_lcnet.pth
2024-04-02 15:57:42,859 INFO c:\Users\Lenovo\Desktop\Nanotrack\picodet\utils\detection_checkpoint_utils.py[267]: Finish loading model weights: C:\Users\Lenovo/.cache/paddle/weights/weights\picodet_s_320_coco_lcnet.pth
2024-04-02 15:57:42,860 DEBUG c:\Users\Lenovo\Desktop\Nanotrack\picodet\engine\detection_trainer.py[242]: Load weights https://paddledet.bj.bcebos.com/models/picodet_s_320_coco_lcnet.pdparams to start training
2024-04-02 16:00:52,371 DEBUG c:\Users\Lenovo\Desktop\Nanotrack\picodet\utils\detection_download.py[451]: File C:\Users\Lenovo/.cache/paddle/weights\picodet_s_320_coco_lcnet.pdparams md5 checking...
2024-04-02 16:00:52,385 DEBUG c:\Users\Lenovo\Desktop\Nanotrack\picodet\utils\detection_download.py[285]: Found C:\Users\Lenovo/.cache/paddle/weights\picodet_s_320_coco_lcnet.pdparams
2024-04-02 16:00:52,391 INFO c:\Users\Lenovo\Desktop\Nanotrack\picodet\process\transform\convert_paddle_detection_to_torch.py[626]: 开始参数转换：model_name: weights\picodet_s_320_coco_lcnet - model_class: weights\picodet
2024-04-02 16:00:52,407 INFO c:\Users\Lenovo\Desktop\Nanotrack\picodet\process\transform\convert_paddle_detection_to_torch.py[120]: prefix_all: weights\picodet_s_320_coco_lcnet -> 
2024-04-02 16:00:52,407 INFO c:\Users\Lenovo\Desktop\Nanotrack\picodet\process\transform\convert_paddle_detection_to_torch.py[120]: prefix: weights\picodet_s_320_coco_lcnet -> 
2024-04-02 16:00:52,407 INFO c:\Users\Lenovo\Desktop\Nanotrack\picodet\process\transform\convert_paddle_detection_to_torch.py[120]: prefix_to_save: weights\picodet_s_320_coco_lcnet -> 
2024-04-02 16:00:52,409 INFO c:\Users\Lenovo\Desktop\Nanotrack\picodet\process\transform\convert_paddle_detection_to_torch.py[673]: 转换paddle模型为pytorch: C:\Users\Lenovo/.cache/paddle/weights\picodet_s_320_coco_lcnet.pdparams - C:\Users\Lenovo/.cache/paddle/weights/weights\picodet_s_320_coco_lcnet.pth - 447 -> 447
2024-04-02 16:00:52,452 INFO c:\Users\Lenovo\Desktop\Nanotrack\picodet\utils\detection_checkpoint_utils.py[243]: 模型参数路径：C:\Users\Lenovo/.cache/paddle/weights/weights\picodet_s_320_coco_lcnet.pth
2024-04-02 16:00:52,477 INFO c:\Users\Lenovo\Desktop\Nanotrack\picodet\utils\detection_checkpoint_utils.py[267]: Finish loading model weights: C:\Users\Lenovo/.cache/paddle/weights/weights\picodet_s_320_coco_lcnet.pth
2024-04-02 16:00:52,479 DEBUG c:\Users\Lenovo\Desktop\Nanotrack\picodet\engine\detection_trainer.py[242]: Load weights https://paddledet.bj.bcebos.com/models/picodet_s_320_coco_lcnet.pdparams to start training
2024-04-02 16:04:28,092 DEBUG c:\Users\Lenovo\Desktop\Nanotrack\picodet\utils\detection_download.py[451]: File C:\Users\Lenovo/.cache/paddle/weights\picodet_s_320_coco_lcnet.pdparams md5 checking...
2024-04-02 16:04:28,105 DEBUG c:\Users\Lenovo\Desktop\Nanotrack\picodet\utils\detection_download.py[285]: Found C:\Users\Lenovo/.cache/paddle/weights\picodet_s_320_coco_lcnet.pdparams
2024-04-02 16:04:28,111 INFO c:\Users\Lenovo\Desktop\Nanotrack\picodet\process\transform\convert_paddle_detection_to_torch.py[626]: 开始参数转换：model_name: weights\picodet_s_320_coco_lcnet - model_class: weights\picodet
2024-04-02 16:04:28,124 INFO c:\Users\Lenovo\Desktop\Nanotrack\picodet\process\transform\convert_paddle_detection_to_torch.py[120]: prefix_all: weights\picodet_s_320_coco_lcnet -> 
2024-04-02 16:04:28,125 INFO c:\Users\Lenovo\Desktop\Nanotrack\picodet\process\transform\convert_paddle_detection_to_torch.py[120]: prefix: weights\picodet_s_320_coco_lcnet -> 
2024-04-02 16:04:28,125 INFO c:\Users\Lenovo\Desktop\Nanotrack\picodet\process\transform\convert_paddle_detection_to_torch.py[120]: prefix_to_save: weights\picodet_s_320_coco_lcnet -> 
2024-04-02 16:04:28,125 INFO c:\Users\Lenovo\Desktop\Nanotrack\picodet\process\transform\convert_paddle_detection_to_torch.py[673]: 转换paddle模型为pytorch: C:\Users\Lenovo/.cache/paddle/weights\picodet_s_320_coco_lcnet.pdparams - C:\Users\Lenovo/.cache/paddle/weights/weights\picodet_s_320_coco_lcnet.pth - 447 -> 447
2024-04-02 16:04:28,167 INFO c:\Users\Lenovo\Desktop\Nanotrack\picodet\utils\detection_checkpoint_utils.py[243]: 模型参数路径：C:\Users\Lenovo/.cache/paddle/weights/weights\picodet_s_320_coco_lcnet.pth
2024-04-02 16:04:28,195 INFO c:\Users\Lenovo\Desktop\Nanotrack\picodet\utils\detection_checkpoint_utils.py[267]: Finish loading model weights: C:\Users\Lenovo/.cache/paddle/weights/weights\picodet_s_320_coco_lcnet.pth
2024-04-02 16:04:28,196 DEBUG c:\Users\Lenovo\Desktop\Nanotrack\picodet\engine\detection_trainer.py[242]: Load weights https://paddledet.bj.bcebos.com/models/picodet_s_320_coco_lcnet.pdparams to start training
2024-04-02 16:04:28,201 WARNING c:\Users\Lenovo\Desktop\Nanotrack\picodet\data\source\category.py[43]: anno_file 'dataset/coco\annotations/instances_val2017.json' is None or not set or not exist, please recheck TrainDataset/EvalDataset/TestDataset.anno_path, otherwise the default categories will be used by metric_type.
2024-04-02 16:04:28,202 WARNING c:\Users\Lenovo\Desktop\Nanotrack\picodet\data\source\category.py[83]: metric_type: COCO, load default categories of COCO.
2024-04-02 16:04:28,211 INFO c:\Users\Lenovo\Desktop\Nanotrack\picodet\engine\detection_trainer.py[305]: 使用FP16量化模型推理
2024-04-02 16:04:29,725 INFO c:\Users\Lenovo\Desktop\Nanotrack\picodet\engine\detection_trainer.py[375]: Detection bbox results save in .//runs/models/detection/picodet/picodet_s_320_coco_lcnet/inference_results/20240402_160427\000051.jpg
2024-04-02 16:32:21,952 DEBUG c:\Users\Lenovo\Desktop\Nanotrack\picodet\utils\detection_download.py[451]: File C:\Users\Lenovo/.cache/paddle/weights\picodet_s_320_coco_lcnet.pdparams md5 checking...
2024-04-02 16:32:21,960 DEBUG c:\Users\Lenovo\Desktop\Nanotrack\picodet\utils\detection_download.py[285]: Found C:\Users\Lenovo/.cache/paddle/weights\picodet_s_320_coco_lcnet.pdparams
2024-04-02 16:32:21,966 INFO c:\Users\Lenovo\Desktop\Nanotrack\picodet\process\transform\convert_paddle_detection_to_torch.py[626]: 开始参数转换：model_name: weights\picodet_s_320_coco_lcnet - model_class: weights\picodet
2024-04-02 16:32:21,981 INFO c:\Users\Lenovo\Desktop\Nanotrack\picodet\process\transform\convert_paddle_detection_to_torch.py[120]: prefix_all: weights\picodet_s_320_coco_lcnet -> 
2024-04-02 16:32:21,981 INFO c:\Users\Lenovo\Desktop\Nanotrack\picodet\process\transform\convert_paddle_detection_to_torch.py[120]: prefix: weights\picodet_s_320_coco_lcnet -> 
2024-04-02 16:32:21,982 INFO c:\Users\Lenovo\Desktop\Nanotrack\picodet\process\transform\convert_paddle_detection_to_torch.py[120]: prefix_to_save: weights\picodet_s_320_coco_lcnet -> 
2024-04-02 16:32:21,982 INFO c:\Users\Lenovo\Desktop\Nanotrack\picodet\process\transform\convert_paddle_detection_to_torch.py[673]: 转换paddle模型为pytorch: C:\Users\Lenovo/.cache/paddle/weights\picodet_s_320_coco_lcnet.pdparams - C:\Users\Lenovo/.cache/paddle/weights/weights\picodet_s_320_coco_lcnet.pth - 447 -> 447
2024-04-02 16:32:22,022 INFO c:\Users\Lenovo\Desktop\Nanotrack\picodet\utils\detection_checkpoint_utils.py[243]: 模型参数路径：C:\Users\Lenovo/.cache/paddle/weights/weights\picodet_s_320_coco_lcnet.pth
2024-04-02 16:32:22,045 INFO c:\Users\Lenovo\Desktop\Nanotrack\picodet\utils\detection_checkpoint_utils.py[267]: Finish loading model weights: C:\Users\Lenovo/.cache/paddle/weights/weights\picodet_s_320_coco_lcnet.pth
2024-04-02 16:32:22,046 DEBUG c:\Users\Lenovo\Desktop\Nanotrack\picodet\engine\detection_trainer.py[242]: Load weights https://paddledet.bj.bcebos.com/models/picodet_s_320_coco_lcnet.pdparams to start training
2024-04-02 16:32:22,047 WARNING c:\Users\Lenovo\Desktop\Nanotrack\picodet\data\source\category.py[43]: anno_file 'dataset/coco\annotations/instances_val2017.json' is None or not set or not exist, please recheck TrainDataset/EvalDataset/TestDataset.anno_path, otherwise the default categories will be used by metric_type.
2024-04-02 16:32:22,048 WARNING c:\Users\Lenovo\Desktop\Nanotrack\picodet\data\source\category.py[83]: metric_type: COCO, load default categories of COCO.
2024-04-02 16:32:22,054 INFO c:\Users\Lenovo\Desktop\Nanotrack\picodet\engine\detection_trainer.py[305]: 使用FP16量化模型推理
2024-04-02 16:32:22,828 INFO c:\Users\Lenovo\Desktop\Nanotrack\picodet\engine\detection_trainer.py[375]: Detection bbox results save in .//runs/models/detection/picodet/picodet_s_320_coco_lcnet/inference_results/20240402_163221\000051.jpg
